<?xml version="1.0" encoding="UTF-8"?>
<!-- Generated by org.testng.reporters.JUnitReportReporter -->
<testsuite skipped="0" hostname="Amol-PC" name="Test1" tests="1" failures="0" timestamp="02 Nov 2020 13:08:50 GMT" time="20.271" errors="0">
  <testcase name="testAmazonTitle" time="20.271" classname="Test1"/>
</testsuite> <!-- Test1 -->
