<?xml version="1.0" encoding="UTF-8"?>
<!-- Generated by org.testng.reporters.JUnitReportReporter -->
<testsuite skipped="0" hostname="Amol-PC" name="Test2" tests="1" failures="0" timestamp="02 Nov 2020 17:48:21 GMT" time="14.705" errors="0">
  <testcase name="verifyPageTitle" time="14.705" classname="Test2"/>
</testsuite> <!-- Test2 -->
