<?xml version="1.0" encoding="UTF-8"?>
<!-- Generated by org.testng.reporters.JUnitReportReporter -->
<testsuite skipped="0" hostname="Amol-PC" name="Test2" tests="1" failures="0" timestamp="25 Nov 2020 10:16:37 GMT" time="13.376" errors="0">
  <testcase name="verifyPageTitle" time="13.376" classname="Test2"/>
</testsuite> <!-- Test2 -->
